<?xml version='1.0' encoding='UTF-8'?>
<testsuite hostname="Ines_Laptop" name="Test13" tests="1" errors="0" failures="0" skipped="0" time="0.0">
                     <properties>
[...]
</properties>
                     <testcase classname="Test13" name="Create and find two different banks" time="0.0">
                                                 
                                               </testcase>
                     <system-out><![CDATA[]]></system-out>
                     <system-err><![CDATA[]]></system-err>
                   </testsuite>