[0m[[0m[0mdebug[0m] [0m[0mRunning TaskDef(Test02, org.scalatest.tools.Framework$$anon$1@4829202e, false, [SuiteSelector])[0m
[0m[[0m[0mdebug[0m] [0m[0mRunning TaskDef(Test01, org.scalatest.tools.Framework$$anon$1@4829202e, false, [SuiteSelector])[0m
[0m[[0m[0minfo[0m] [0m[0m[36mRun completed in 6 seconds, 434 milliseconds.[0m[0m
[0m[[0m[0minfo[0m] [0m[0m[36mTotal number of tests run: 2[0m[0m
[0m[[0m[0minfo[0m] [0m[0m[36mSuites: completed 2, aborted 0[0m[0m
[0m[[0m[0minfo[0m] [0m[0m[36mTests: succeeded 1, failed 1, canceled 0, ignored 0, pending 0[0m[0m
[0m[[0m[0minfo[0m] [0m[0m[31m*** 1 TEST FAILED ***[0m[0m
[0m[[0m[0mdebug[0m] [0m[0mPassed tests:[0m
[0m[[0m[0mdebug[0m] [0m[0m	Test01[0m
[0m[[0m[31merror[0m] [0m[0mFailed tests:[0m
[0m[[0m[31merror[0m] [0m[0m	Test02[0m
[0m[[0m[31merror[0m] [0m[0m(test:[31mtest[0m) sbt.TestsFailedException: Tests unsuccessful[0m
